client/android/app/build/outputs/mapping/release/seeds.txt
com.photosharing.MainActivity
com.photosharing.MainActivity: MainActivity()
com.photosharing.MainApplication
com.photosharing.MainApplication: MainApplication()
com.photosharing.R$anim: int abc_fade_in
com.photosharing.R$anim: int abc_fade_out
com.photosharing.R$anim: int abc_grow_fade_in_from_bottom
com.photosharing.R$anim: int abc_popup_enter
com.photosharing.R$anim: int abc_popup_exit
com.photosharing.R$anim: int abc_shrink_fade_out_from_bottom
com.photosharing.R$anim: int abc_slide_in_bottom
com.photosharing.R$anim: int abc_slide_in_top
com.photosharing.R$anim: int abc_slide_out_bottom
com.photosharing.R$anim: int abc_slide_out_top
com.photosharing.R$anim: int abc_tooltip_enter
com.photosharing.R$anim: int abc_tooltip_exit
com.photosharing.R$anim: int catalyst_fade_in
com.photosharing.R$anim: int catalyst_fade_out
com.photosharing.R$anim: int catalyst_push_up_in
com.photosharing.R$anim: int catalyst_push_up_out
com.photosharing.R$anim: int catalyst_slide_down
com.photosharing.R$anim: int catalyst_slide_up
com.photosharing.R$attr: int actionBarDivider
com.photosharing.R$attr: int actionBarItemBackground
com.photosharing.R$attr: int actionBarPopupTheme
com.photosharing.R$attr: int actionBarSize
com.photosharing.R$attr: int actionBarSplitStyle
com.photosharing.R$attr: int actionBarStyle
com.photosharing.R$attr: int actionBarTabBarStyle
com.photosharing.R$attr: int actionBarTabStyle
com.photosharing.R$attr: int actionBarTabTextStyle
com.photosharing.R$attr: int actionBarTheme
com.photosharing.R$attr: int actionBarWidgetTheme
com.photosharing.R$attr: int actionButtonStyle
com.photosharing.R$attr: int actionDropDownStyle
com.photosharing.R$attr: int actionLayout
com.photosharing.R$attr: int actionMenuTextAppearance
com.photosharing.R$attr: int actionMenuTextColor
com.photosharing.R$attr: int actionModeBackground
com.photosharing.R$attr: int actionModeCloseButtonStyle
com.photosharing.R$attr: int actionModeCloseDrawable
com.photosharing.R$attr: int actionModeCopyDrawable
com.photosharing.R$attr: int actionModeCutDrawable
com.photosharing.R$attr: int actionModeFindDrawable
com.photosharing.R$attr: int actionModePasteDrawable
com.photosharing.R$attr: int actionModePopupWindowStyle
com.photosharing.R$attr: int actionModeSelectAllDrawable
com.photosharing.R$attr: int actionModeShareDrawable
com.photosharing.R$attr: int actionModeSplitBackground
com.photosharing.R$attr: int actionModeStyle
com.photosharing.R$attr: int actionModeWebSearchDrawable
com.photosharing.R$bool: int abc_action_bar_embed_tabs
com.photosharing.R$bool: int abc_allow_stacked_button_bar
com.photosharing.R$bool: int abc_config_actionMenuItemAllCaps
...
okhttp3.internal.http2.Http2Reader$ContinuationSource
okhttp3.internal.http2.Http2Reader$ContinuationSource: okio.BufferedSource source
okhttp3.internal.http2.Http2Reader$ContinuationSource: int length
okhttp3.internal.http2.Http2Reader$ContinuationSource: byte flags
okhttp3.internal.http2.Http2Reader$ContinuationSource: int streamId
okhttp3.internal.http2.Http2Reader$ContinuationSource: int left
okhttp3.internal.http2.Http2Reader$ContinuationSource: short padding
okhttp3.internal.http2.Http2Reader$ContinuationSource: Http2Reader$ContinuationSource(okio.BufferedSource)
okhttp3.internal.http2.Http2Reader$ContinuationSource: long read(okio.Buffer,long)
okhttp3.internal.http2.Http2Reader$ContinuationSource: okio.Timeout timeout()
okhttp3.internal.http2.Http2Reader$ContinuationSource: void close()
okhttp3.internal.http2.Http2Reader$ContinuationSource: void readContinuationHeader()
okhttp3.internal.http2.Http2Reader$Handler
okhttp3.internal.http2.Http2Reader$Handler: void data(boolean,int,okio.BufferedSource,int)
okhttp3.internal.http2.Http2Reader$Handler: void headers(boolean,int,int,java.util.List)
okhttp3.internal.http2.Http2Reader$Handler: void rstStream(int,okhttp3.internal.http2.ErrorCode)
okhttp3.internal.http2.Http2Reader$Handler: void settings(boolean,okhttp3.internal.http2.Settings)
okhttp3.internal.http2.Http2Reader$Handler: void ackSettings()
okhttp3.internal.http2.Http2Reader$Handler: void ping(boolean,int,int)
okhttp3.internal.http2.Http2Reader$Handler: void goAway(int,okhttp3.internal.http2.ErrorCode,okio.ByteString)
okhttp3.internal.http2.Http2Reader$Handler: void windowUpdate(int,long)
okhttp3.internal.http2.Http2Reader$Handler: void priority(int,int,int,boolean)
okhttp3.internal.http2.Http2Reader$Handler: void pushPromise(int,int,java.util.List)
okhttp3.internal.http2.Http2Reader$Handler: void alternateService(int,java.lang.String,okio.ByteString,java.lang.String,int,long)
okhttp3.internal.http2.Http2Stream
okhttp3.internal.http2.Http2Stream: long unacknowledgedBytesRead
okhttp3.internal.http2.Http2Stream: long bytesLeftInWriteWindow
okhttp3.internal.http2.Http2Stream: int id
okhttp3.internal.http2.Http2Stream: okhttp3.internal.http2.Http2Connection connection
okhttp3.internal.http2.Http2Stream: java.util.Deque headersQueue
okhttp3.internal.http2.Http2Stream: okhttp3.internal.http2.Header$Listener headersListener
okhttp3.internal.http2.Http2Stream: boolean hasResponseHeaders
okhttp3.internal.http2.Http2Stream: okhttp3.internal.http2.Http2Stream$FramingSource source
okhttp3.internal.http2.Http2Stream: okhttp3.internal.http2.Http2Stream$FramingSink sink
okhttp3.internal.http2.Http2Stream: okhttp3.internal.http2.Http2Stream$StreamTimeout readTimeout
okhttp3.internal.http2.Http2Stream: okhttp3.internal.http2.Http2Stream$StreamTimeout writeTimeout
okhttp3.internal.http2.Http2Stream: okhttp3.internal.http2.ErrorCode errorCode
okhttp3.internal.http2.Http2Stream: boolean $assertionsDisabled
okhttp3.internal.http2.Http2Stream: Http2Stream(int,okhttp3.internal.http2.Http2Connection,boolean,boolean,okhttp3.Headers)
okhttp3.internal.http2.Http2Stream: int getId()
okhttp3.internal.http2.Http2Stream: boolean isOpen()
okhttp3.internal.http2.Http2Stream: boolean isLocallyInitiated()
okhttp3.internal.http2.Http2Stream: okhttp3.internal.http2.Http2Connection getConnection()
okhttp3.internal.http2.Http2Stream: okhttp3.Headers takeHeaders()