client/android/app/build/outputs/mapping/release/mapping.txt
com.photosharing.MainActivity -> com.photosharing.MainActivity:
    void <init>() -> <init>
    java.lang.String getMainComponentName() -> k
com.photosharing.MainApplication -> com.photosharing.MainApplication:
    com.facebook.react.ReactNativeHost mReactNativeHost -> a
    void <init>() -> <init>
    com.facebook.react.ReactNativeHost getReactNativeHost() -> a
    void onCreate() -> onCreate
com.photosharing.MainApplication$1 -> com.photosharing.MainApplication$1:
    com.photosharing.MainApplication this$0 -> a
    void <init>(com.photosharing.MainApplication,android.app.Application) -> <init>
    boolean getUseDeveloperSupport() -> k
    java.util.List getPackages() -> l
    java.lang.String getJSMainModuleName() -> h
...
com.facebook.react.views.progressbar.ProgressBarShadowNode -> com.facebook.react.views.progressbar.b:
    java.lang.String mStyle -> a
    android.util.SparseIntArray mHeight -> b
    android.util.SparseIntArray mWidth -> c
    java.util.Set mMeasured -> d
    void <init>() -> <init>
    void initMeasureFunction() -> R
    java.lang.String getStyle() -> Q
    void setStyle(java.lang.String) -> setStyle
    long measure(com.facebook.yoga.YogaNode,float,com.facebook.yoga.YogaMeasureMode,float,com.facebook.yoga.YogaMeasureMode) -> measure
com.facebook.react.views.progressbar.ReactProgressBarViewManager -> com.facebook.react.views.progressbar.ReactProgressBarViewManager:
    java.lang.String REACT_CLASS -> REACT_CLASS
    java.lang.String PROP_STYLE -> PROP_STYLE
    java.lang.String PROP_INDETERMINATE -> PROP_INDETERMINATE
    java.lang.String PROP_PROGRESS -> PROP_PROGRESS
    java.lang.String PROP_ANIMATING -> PROP_ANIMATING
    java.lang.String DEFAULT_STYLE -> DEFAULT_STYLE
    java.lang.Object sProgressBarCtorLock -> sProgressBarCtorLock
    void <init>() -> <init>
    android.widget.ProgressBar createProgressBar(android.content.Context,int) -> createProgressBar
    java.lang.String getName() -> getName
    com.facebook.react.views.progressbar.ProgressBarContainerView createViewInstance(com.facebook.react.uimanager.ThemedReactContext) -> createViewInstance
    void setStyle(com.facebook.react.views.progressbar.ProgressBarContainerView,java.lang.String) -> setStyle
    void setColor(com.facebook.react.views.progressbar.ProgressBarContainerView,java.lang.Integer) -> setColor
    void setIndeterminate(com.facebook.react.views.progressbar.ProgressBarContainerView,boolean) -> setIndeterminate
    void setProgress(com.facebook.react.views.progressbar.ProgressBarContainerView,double) -> setProgress
    void setAnimating(com.facebook.react.views.progressbar.ProgressBarContainerView,boolean) -> setAnimating
com.facebook.react.views.scroll.FpsListener -> com.facebook.react.views.scroll.a:
    void enable(java.lang.String) -> a
    void disable(java.lang.String) -> b
com.facebook.react.views.scroll.OnScrollDispatchHelper -> com.facebook.react.views.scroll.b:
    int mPrevX -> a
    int mPrevY -> b
    float mXFlingVelocity -> c
    float mYFlingVelocity -> d
    long mLastScrollEventTimeMs -> e
    void <init>() -> <init>
    boolean onScrollChanged(int,int) -> a
    float getXFlingVelocity() -> a
    float getYFlingVelocity() -> b
com.facebook.react.views.scroll.ReactHorizontalScrollContainerView -> com.facebook.react.views.scroll.c:
    int mLayoutDirection -> a
    int mCurrentWidth -> b
    void <init>(android.content.Context) -> <init>
    void onLayout(boolean,int,int,int,int) -> onLayout
com.facebook.react.views.scroll.ReactHorizontalScrollContainerViewManager -> com.facebook.react.views.scroll.ReactHorizontalScrollContainerViewManager:
    java.lang.String REACT_CLASS -> REACT_CLASS
    void <init>() -> <init>
    java.lang.String getName() -> getName
    com.facebook.react.views.scroll.ReactHorizontalScrollContainerView createViewInstance(com.facebook.react.uimanager.ThemedReactContext) -> createViewInstance
    android.view.View createViewInstance(com.facebook.react.uimanager.ThemedReactContext) -> createViewInstance