client/android/app/build/outputs/mapping/release/usage.txt
com.photosharing.BuildConfig
com.photosharing.R
com.photosharing.R$anim
com.photosharing.R$attr
com.photosharing.R$bool
com.photosharing.R$color
com.photosharing.R$dimen
com.photosharing.R$drawable
com.photosharing.R$id
com.photosharing.R$integer
com.photosharing.R$layout
com.photosharing.R$mipmap
com.photosharing.R$string
com.photosharing.R$style
com.photosharing.R$styleable
com.photosharing.R$xml
...
com.imagepicker.R:
    10:10:private R()
com.imagepicker.R$anim
com.imagepicker.R$attr
com.imagepicker.R$bool
com.imagepicker.R$color
com.imagepicker.R$dimen
com.imagepicker.R$drawable
com.imagepicker.R$id
com.imagepicker.R$integer
com.imagepicker.R$layout:
    803:803:private R$layout()
com.imagepicker.R$string
com.imagepicker.R$style:
    926:926:private R$style()
com.imagepicker.R$styleable
com.imagepicker.R$xml
com.imagepicker.ResponseHelper:
    24:24:public com.facebook.react.bridge.WritableMap getResponse()
com.imagepicker.media.ImageConfig:
    63:63:public com.imagepicker.media.ImageConfig withQuality(int)
    72:72:public com.imagepicker.media.ImageConfig withRotation(int)
    108:108:public com.imagepicker.media.ImageConfig withSaveToCameraRoll(boolean)
com.imagepicker.media.VideoConfig
com.imagepicker.permissions.PermissionUtils:
    21:21:public PermissionUtils()
com.imagepicker.permissions.PermissionsHelper
com.imagepicker.utils.MediaUtils:
    38:38:public MediaUtils()
com.imagepicker.utils.ReadableMapUtils:
    12:12:public ReadableMapUtils()
com.imagepicker.utils.RealPathUtil:
    19:19:public RealPathUtil()
com.imagepicker.utils.UI:
    21:21:public UI()
com.oblador.vectoricons.BuildConfig
com.oblador.vectoricons.R
com.oblador.vectoricons.R$anim
com.oblador.vectoricons.R$attr
com.oblador.vectoricons.R$bool
com.oblador.vectoricons.R$color
com.oblador.vectoricons.R$dimen
com.oblador.vectoricons.R$drawable
com.oblador.vectoricons.R$id
com.oblador.vectoricons.R$integer
com.oblador.vectoricons.R$layout
com.oblador.vectoricons.R$string
com.oblador.vectoricons.R$style
com.oblador.vectoricons.R$styleable
com.oblador.vectoricons.R$xml
com.oblador.vectoricons.VectorIconsPackage:
    27:27:public java.util.List createJSModules()
com.rnfs.BuildConfig
com.rnfs.Downloader:
    163:163:protected void onPostExecute(java.lang.Exception)
com.rnfs.R
com.rnfs.R$anim
com.rnfs.R$attr
com.rnfs.R$bool
com.rnfs.R$color
com.rnfs.R$dimen
com.rnfs.R$drawable
com.rnfs.R$id
com.rnfs.R$integer
com.rnfs.R$layout
com.rnfs.R$string
com.rnfs.R$style
com.rnfs.R$styleable
com.rnfs.R$xml
com.rnfs.RNFSPackage:
    22:22:public java.util.List createJSModules()
com.rnfs.UploadParams:
    public java.lang.String name
com.swmansion.gesturehandler.BaseGestureHandlerInteractionController
com.swmansion.gesturehandler.FlingGestureHandler:
    private static final long DEFAULT_MAX_DURATION_MS
    private static final long DEFAULT_MIN_ACCEPTABLE_DELTA
    private static final int DEFAULT_DIRECTION
    private static final int DEFAULT_NUMBER_OF_TOUCHES_REQUIRED
com.swmansion.gesturehandler.GestureHandler:
    public static final int STATE_UNDETERMINED
    public static final int STATE_FAILED
    public static final int STATE_BEGAN
    public static final int STATE_CANCELLED
    public static final int STATE_ACTIVE
    public static final int STATE_END
    public static final float HIT_SLOP_NONE
    private static final int HIT_SLOP_LEFT_IDX
    private static final int HIT_SLOP_TOP_IDX
    private static final int HIT_SLOP_RIGHT_IDX
    private static final int HIT_SLOP_BOTTOM_IDX
    private static final int HIT_SLOP_WIDTH_IDX
    private static final int HIT_SLOP_HEIGHT_IDX
    public static final int DIRECTION_RIGHT
    public static final int DIRECTION_LEFT
    public static final int DIRECTION_UP
    public static final int DIRECTION_DOWN
    140:140:public com.swmansion.gesturehandler.GestureHandler setHitSlop(float)
    161:161:public float getX()
    165:165:public float getY()
    472:480:public static java.lang.String stateToString(int)
com.swmansion.gesturehandler.GestureHandlerOrchestrator:
    private static final int SIMULTANEOUS_GESTURE_HANDLER_LIMIT
    private static final float DEFAULT_MIN_ALPHA_FOR_TRAVERSAL
com.swmansion.gesturehandler.GestureHandlerRegistryImpl
com.swmansion.gesturehandler.GestureUtils:
    5:5:public GestureUtils()